   1               		.file	"Speed.c"
   2               	__SREG__ = 0x3f
   3               	__SP_H__ = 0x3e
   4               	__SP_L__ = 0x3d
   5               	__CCP__  = 0x34
   6               	__tmp_reg__ = 0
   7               	__zero_reg__ = 1
  10               		.text
  11               	.Ltext0:
  30               	.global	getSpeed
  32               	getSpeed:
  33               		.stabd	46,0,0
   1:Components/Speed/Speed.c **** //Speed Sensor group
   2:Components/Speed/Speed.c **** 
   3:Components/Speed/Speed.c **** //get the speed of the vehicle
   4:Components/Speed/Speed.c **** char getSpeed(char* sensorResponse) {
  35               	.LM0:
  36               	.LFBB1:
  37 0000 DF93      		push r29
  38 0002 CF93      		push r28
  39 0004 0F92      		push __tmp_reg__
  40 0006 0F92      		push __tmp_reg__
  41 0008 CDB7      		in r28,__SP_L__
  42 000a DEB7      		in r29,__SP_H__
  43               	/* prologue: function */
  44               	/* frame size = 2 */
  45 000c 9A83      		std Y+2,r25
  46 000e 8983      		std Y+1,r24
   5:Components/Speed/Speed.c ****    //store dummy speed value
   6:Components/Speed/Speed.c ****    *sensorResponse = 0;
  48               	.LM1:
  49 0010 E981      		ldd r30,Y+1
  50 0012 FA81      		ldd r31,Y+2
  51 0014 1082      		st Z,__zero_reg__
   7:Components/Speed/Speed.c ****    //return success
   8:Components/Speed/Speed.c ****    return 1;
  53               	.LM2:
  54 0016 81E0      		ldi r24,lo8(1)
  55               	/* epilogue start */
   9:Components/Speed/Speed.c **** }
  57               	.LM3:
  58 0018 0F90      		pop __tmp_reg__
  59 001a 0F90      		pop __tmp_reg__
  60 001c CF91      		pop r28
  61 001e DF91      		pop r29
  62 0020 0895      		ret
  64               	.Lscope1:
  66               		.stabd	78,0,0
  69               	.global	setSpeed
  71               	setSpeed:
  72               		.stabd	46,0,0
  10:Components/Speed/Speed.c **** 
  11:Components/Speed/Speed.c **** //will set just the speed of the wheels of the car
  12:Components/Speed/Speed.c **** char setSpeed(char speedTarget) {
  74               	.LM4:
  75               	.LFBB2:
  76 0022 DF93      		push r29
  77 0024 CF93      		push r28
  78 0026 0F92      		push __tmp_reg__
  79 0028 CDB7      		in r28,__SP_L__
  80 002a DEB7      		in r29,__SP_H__
  81               	/* prologue: function */
  82               	/* frame size = 1 */
  83 002c 8983      		std Y+1,r24
  13:Components/Speed/Speed.c ****    //nothing done down here
  14:Components/Speed/Speed.c ****    //return success
  15:Components/Speed/Speed.c ****    return 1;
  85               	.LM5:
  86 002e 81E0      		ldi r24,lo8(1)
  87               	/* epilogue start */
  16:Components/Speed/Speed.c **** }
  89               	.LM6:
  90 0030 0F90      		pop __tmp_reg__
  91 0032 CF91      		pop r28
  92 0034 DF91      		pop r29
  93 0036 0895      		ret
  95               	.Lscope2:
  97               		.stabd	78,0,0
  99               	.Letext0:
DEFINED SYMBOLS
                            *ABS*:00000000 Speed.c
     /tmp/cc04vaa0.s:2      *ABS*:0000003f __SREG__
     /tmp/cc04vaa0.s:3      *ABS*:0000003e __SP_H__
     /tmp/cc04vaa0.s:4      *ABS*:0000003d __SP_L__
     /tmp/cc04vaa0.s:5      *ABS*:00000034 __CCP__
     /tmp/cc04vaa0.s:6      *ABS*:00000000 __tmp_reg__
     /tmp/cc04vaa0.s:7      *ABS*:00000001 __zero_reg__
     /tmp/cc04vaa0.s:32     .text:00000000 getSpeed
     /tmp/cc04vaa0.s:71     .text:00000022 setSpeed

NO UNDEFINED SYMBOLS
