   1               		.file	"Battery.c"
   2               	__SREG__ = 0x3f
   3               	__SP_H__ = 0x3e
   4               	__SP_L__ = 0x3d
   5               	__CCP__  = 0x34
   6               	__tmp_reg__ = 0
   7               	__zero_reg__ = 1
  10               		.text
  11               	.Ltext0:
  30               	.global	getBatteryVoltage
  32               	getBatteryVoltage:
  33               		.stabd	46,0,0
   1:Components/Battery/Battery.c **** 
   2:Components/Battery/Battery.c **** //battery controller functions
   3:Components/Battery/Battery.c **** 
   4:Components/Battery/Battery.c **** //read battery strength in a char. Might need to be unsigned, specs don't say
   5:Components/Battery/Battery.c **** //anything regarding that.
   6:Components/Battery/Battery.c **** char getBatteryVoltage(char *sensorResponse) {
  35               	.LM0:
  36               	.LFBB1:
  37 0000 DF93      		push r29
  38 0002 CF93      		push r28
  39 0004 0F92      		push __tmp_reg__
  40 0006 0F92      		push __tmp_reg__
  41 0008 CDB7      		in r28,__SP_L__
  42 000a DEB7      		in r29,__SP_H__
  43               	/* prologue: function */
  44               	/* frame size = 2 */
  45 000c 9A83      		std Y+2,r25
  46 000e 8983      		std Y+1,r24
   7:Components/Battery/Battery.c ****    //fake battery reading
   8:Components/Battery/Battery.c ****    *sensorResponse = 0;
  48               	.LM1:
  49 0010 E981      		ldd r30,Y+1
  50 0012 FA81      		ldd r31,Y+2
  51 0014 1082      		st Z,__zero_reg__
   9:Components/Battery/Battery.c ****    //return success
  10:Components/Battery/Battery.c ****    return 1;
  53               	.LM2:
  54 0016 81E0      		ldi r24,lo8(1)
  55               	/* epilogue start */
  11:Components/Battery/Battery.c **** }
  57               	.LM3:
  58 0018 0F90      		pop __tmp_reg__
  59 001a 0F90      		pop __tmp_reg__
  60 001c CF91      		pop r28
  61 001e DF91      		pop r29
  62 0020 0895      		ret
  64               	.Lscope1:
  66               		.stabd	78,0,0
  69               	.global	getSteeringVoltage
  71               	getSteeringVoltage:
  72               		.stabd	46,0,0
  12:Components/Battery/Battery.c **** 
  13:Components/Battery/Battery.c **** //gets voltage from steering?
  14:Components/Battery/Battery.c **** char getSteeringVoltage(char *sensorResponse) {
  74               	.LM4:
  75               	.LFBB2:
  76 0022 DF93      		push r29
  77 0024 CF93      		push r28
  78 0026 0F92      		push __tmp_reg__
  79 0028 0F92      		push __tmp_reg__
  80 002a CDB7      		in r28,__SP_L__
  81 002c DEB7      		in r29,__SP_H__
  82               	/* prologue: function */
  83               	/* frame size = 2 */
  84 002e 9A83      		std Y+2,r25
  85 0030 8983      		std Y+1,r24
  15:Components/Battery/Battery.c ****    //fake steering voltage reading
  16:Components/Battery/Battery.c ****    *sensorResponse = 0;
  87               	.LM5:
  88 0032 E981      		ldd r30,Y+1
  89 0034 FA81      		ldd r31,Y+2
  90 0036 1082      		st Z,__zero_reg__
  17:Components/Battery/Battery.c ****    //return success
  18:Components/Battery/Battery.c ****    return 1;
  92               	.LM6:
  93 0038 81E0      		ldi r24,lo8(1)
  94               	/* epilogue start */
  19:Components/Battery/Battery.c **** }
  96               	.LM7:
  97 003a 0F90      		pop __tmp_reg__
  98 003c 0F90      		pop __tmp_reg__
  99 003e CF91      		pop r28
 100 0040 DF91      		pop r29
 101 0042 0895      		ret
 103               	.Lscope2:
 105               		.stabd	78,0,0
 107               	.Letext0:
DEFINED SYMBOLS
                            *ABS*:00000000 Battery.c
     /tmp/ccwnQX8S.s:2      *ABS*:0000003f __SREG__
     /tmp/ccwnQX8S.s:3      *ABS*:0000003e __SP_H__
     /tmp/ccwnQX8S.s:4      *ABS*:0000003d __SP_L__
     /tmp/ccwnQX8S.s:5      *ABS*:00000034 __CCP__
     /tmp/ccwnQX8S.s:6      *ABS*:00000000 __tmp_reg__
     /tmp/ccwnQX8S.s:7      *ABS*:00000001 __zero_reg__
     /tmp/ccwnQX8S.s:32     .text:00000000 getBatteryVoltage
     /tmp/ccwnQX8S.s:71     .text:00000022 getSteeringVoltage

NO UNDEFINED SYMBOLS
